<?xml version="1.0" encoding="utf-8"?><testsuites name="pytest tests"><testsuite name="pytest" errors="0" failures="0" skipped="0" tests="26" time="3.496" timestamp="2026-07-04T07:01:54.295462+00:00" hostname="agent-env-122c4bee-ac71-4d9a-b684-4dba5ee82000"><testcase classname="tests.backend_test" name="test_root" time="0.213" /><testcase classname="tests.backend_test.TestOrders" name="test_place_order_public" time="0.245" /><testcase classname="tests.backend_test" name="test_login_wrong_password" time="0.328" /><testcase classname="tests.backend_test.TestOrders" name="test_admin_list_orders_requires_auth" time="0.296" /><testcase classname="tests.backend_test" name="test_me_without_token" time="0.362" /><testcase classname="tests.backend_test.TestOrders" name="test_admin_list_orders" time="0.460" /><testcase classname="tests.backend_test.TestOrders" name="test_status_transitions" time="0.472" /><testcase classname="tests.backend_test" name="test_me_with_token" time="0.496" /><testcase classname="tests.backend_test" name="test_public_categories" time="0.115" /><testcase classname="tests.backend_test.TestOrders" name="test_invalid_status" time="0.095" /><testcase classname="tests.backend_test" name="test_public_products" time="0.127" /><testcase classname="tests.backend_test.TestOrders" name="test_stats" time="0.138" /><testcase classname="tests.backend_test" name="test_create_category_requires_auth" time="0.097" /><testcase classname="tests.backend_test.TestProductCRUD" name="test_create" time="0.105" /><testcase classname="tests.backend_test" name="test_create_product_requires_auth" time="0.096" /><testcase classname="tests.backend_test.TestProductCRUD" name="test_get" time="0.096" /><testcase classname="tests.backend_test" name="test_upload_png_and_serve" time="0.205" /><testcase classname="tests.backend_test.TestProductCRUD" name="test_duplicate_slug_conflict" time="0.095" /><testcase classname="tests.backend_test.TestProductCRUD" name="test_patch" time="0.235" /><testcase classname="tests.backend_test" name="test_upload_rejects_txt" time="0.137" /><testcase classname="tests.backend_test" name="test_upload_requires_auth" time="0.132" /><testcase classname="tests.backend_test.TestProductCRUD" name="test_delete" time="0.194" /><testcase classname="tests.backend_test.TestCategoryCRUD" name="test_create" time="0.098" /><testcase classname="tests.backend_test.TestCategoryCRUD" name="test_patch" time="0.094" /><testcase classname="tests.backend_test.TestCategoryCRUD" name="test_delete_empty" time="0.105" /><testcase classname="tests.backend_test.TestCategoryCRUD" name="test_delete_nonempty_blocked" time="0.148" /></testsuite></testsuites>